TN:
SF:nodes/WaterCrawl/WaterCrawl.node.ts
FN:12,(anonymous_0)
FN:425,(anonymous_1)
FN:492,(anonymous_2)
FN:568,(anonymous_3)
FN:598,(anonymous_4)
FN:672,(anonymous_5)
FN:703,(anonymous_6)
FN:704,(anonymous_7)
FN:707,(anonymous_8)
FNF:9
FNH:1
FNDA:5,(anonymous_0)
FNDA:0,(anonymous_1)
FNDA:0,(anonymous_2)
FNDA:0,(anonymous_3)
FNDA:0,(anonymous_4)
FNDA:0,(anonymous_5)
FNDA:0,(anonymous_6)
FNDA:0,(anonymous_7)
FNDA:0,(anonymous_8)
DA:1,1
DA:10,1
DA:12,1
DA:13,5
DA:426,0
DA:427,0
DA:428,0
DA:429,0
DA:430,0
DA:433,0
DA:434,0
DA:435,0
DA:438,0
DA:441,0
DA:442,0
DA:443,0
DA:448,0
DA:452,0
DA:453,0
DA:454,0
DA:455,0
DA:456,0
DA:459,0
DA:460,0
DA:461,0
DA:463,0
DA:467,0
DA:470,0
DA:480,0
DA:481,0
DA:482,0
DA:487,0
DA:488,0
DA:489,0
DA:490,0
DA:492,0
DA:497,0
DA:498,0
DA:499,0
DA:503,0
DA:508,0
DA:509,0
DA:510,0
DA:512,0
DA:513,0
DA:515,0
DA:516,0
DA:520,0
DA:529,0
DA:533,0
DA:534,0
DA:538,0
DA:539,0
DA:540,0
DA:541,0
DA:544,0
DA:545,0
DA:546,0
DA:548,0
DA:552,0
DA:555,0
DA:556,0
DA:557,0
DA:558,0
DA:563,0
DA:564,0
DA:565,0
DA:566,0
DA:568,0
DA:573,0
DA:576,0
DA:586,0
DA:587,0
DA:588,0
DA:593,0
DA:594,0
DA:595,0
DA:596,0
DA:598,0
DA:603,0
DA:604,0
DA:605,0
DA:609,0
DA:614,0
DA:615,0
DA:616,0
DA:618,0
DA:619,0
DA:621,0
DA:622,0
DA:626,0
DA:627,0
DA:634,0
DA:642,0
DA:646,0
DA:647,0
DA:651,0
DA:654,0
DA:657,0
DA:661,0
DA:662,0
DA:667,0
DA:668,0
DA:669,0
DA:672,0
DA:673,0
DA:677,0
DA:678,0
DA:685,0
DA:689,0
DA:690,0
DA:693,0
DA:694,0
DA:697,0
DA:700,0
DA:701,0
DA:703,0
DA:704,0
DA:707,0
DA:711,0
DA:715,0
DA:716,0
DA:723,0
DA:727,0
DA:730,0
DA:733,0
DA:740,0
DA:744,0
DA:745,0
DA:749,0
DA:750,0
DA:752,0
DA:756,0
DA:757,0
DA:760,0
DA:761,0
LF:136
LH:4
BRDA:435,0,0,0
BRDA:435,0,1,0
BRDA:443,1,0,0
BRDA:448,2,0,0
BRDA:448,2,1,0
BRDA:481,3,0,0
BRDA:489,4,0,0
BRDA:489,5,0,0
BRDA:489,5,1,0
BRDA:497,6,0,0
BRDA:509,7,0,0
BRDA:512,8,0,0
BRDA:515,9,0,0
BRDA:534,10,0,0
BRDA:534,10,1,0
BRDA:557,11,0,0
BRDA:565,12,0,0
BRDA:565,13,0,0
BRDA:565,13,1,0
BRDA:587,14,0,0
BRDA:595,15,0,0
BRDA:595,16,0,0
BRDA:595,16,1,0
BRDA:603,17,0,0
BRDA:615,18,0,0
BRDA:618,19,0,0
BRDA:621,20,0,0
BRDA:626,21,0,0
BRDA:626,22,0,0
BRDA:626,22,1,0
BRDA:628,23,0,0
BRDA:628,23,1,0
BRDA:629,24,0,0
BRDA:629,24,1,0
BRDA:647,25,0,0
BRDA:647,25,1,0
BRDA:662,26,0,0
BRDA:662,26,1,0
BRDA:680,27,0,0
BRDA:680,27,1,0
BRDA:681,28,0,0
BRDA:681,28,1,0
BRDA:682,29,0,0
BRDA:682,29,1,0
BRDA:685,30,0,0
BRDA:685,30,1,0
BRDA:701,31,0,0
BRDA:701,31,1,0
BRDA:718,32,0,0
BRDA:718,32,1,0
BRDA:719,33,0,0
BRDA:719,33,1,0
BRDA:720,34,0,0
BRDA:720,34,1,0
BRDA:723,35,0,0
BRDA:744,36,0,0
BRDA:756,37,0,0
BRF:57
BRH:0
end_of_record
TN:
SF:nodes/WaterCrawl/WaterCrawlClient.ts
FN:19,(anonymous_5)
FN:26,(anonymous_6)
FN:30,(anonymous_7)
FN:47,(anonymous_8)
FN:51,(anonymous_9)
FN:55,(anonymous_10)
FN:64,(anonymous_11)
FN:86,(anonymous_12)
FN:95,(anonymous_13)
FN:113,(anonymous_14)
FN:117,(anonymous_15)
FN:154,(anonymous_16)
FN:166,(anonymous_17)
FN:171,(anonymous_18)
FNF:14
FNH:0
FNDA:0,(anonymous_5)
FNDA:0,(anonymous_6)
FNDA:0,(anonymous_7)
FNDA:0,(anonymous_8)
FNDA:0,(anonymous_9)
FNDA:0,(anonymous_10)
FNDA:0,(anonymous_11)
FNDA:0,(anonymous_12)
FNDA:0,(anonymous_13)
FNDA:0,(anonymous_14)
FNDA:0,(anonymous_15)
FNDA:0,(anonymous_16)
FNDA:0,(anonymous_17)
FNDA:0,(anonymous_18)
DA:1,1
DA:14,1
DA:16,1
DA:18,1
DA:23,0
DA:27,0
DA:36,0
DA:44,0
DA:48,0
DA:52,0
DA:59,0
DA:60,0
DA:61,0
DA:62,0
DA:64,0
DA:65,0
DA:66,0
DA:67,0
DA:68,0
DA:69,0
DA:71,0
DA:72,0
DA:73,0
DA:75,0
DA:80,0
DA:82,0
DA:87,0
DA:88,0
DA:90,0
DA:91,0
DA:92,0
DA:96,0
DA:98,0
DA:99,0
DA:100,0
DA:104,0
DA:106,0
DA:107,0
DA:108,0
DA:109,0
DA:110,0
DA:111,0
DA:112,0
DA:113,0
DA:114,0
DA:117,0
DA:118,0
DA:119,0
DA:120,0
DA:125,0
DA:128,0
DA:129,0
DA:133,0
DA:135,0
DA:136,0
DA:140,0
DA:145,0
DA:146,0
DA:150,0
DA:160,0
DA:167,0
DA:168,0
DA:178,0
DA:180,0
DA:181,0
DA:184,0
DA:185,0
DA:186,0
DA:190,0
LF:69
LH:4
BRDA:32,0,0,0
BRDA:33,1,0,0
BRDA:34,2,0,0
BRDA:57,3,0,0
BRDA:65,4,0,0
BRDA:65,5,0,0
BRDA:65,5,1,0
BRDA:71,6,0,0
BRDA:71,6,1,0
BRDA:90,7,0,0
BRDA:90,8,0,0
BRDA:90,8,1,0
BRDA:98,9,0,0
BRDA:98,10,0,0
BRDA:98,10,1,0
BRDA:107,11,0,0
BRDA:107,11,1,0
BRDA:110,12,0,0
BRDA:110,12,1,0
BRDA:118,13,0,0
BRDA:118,14,0,0
BRDA:118,14,1,0
BRDA:128,15,0,0
BRDA:145,16,0,0
BRDA:158,17,0,0
BRDA:173,18,0,0
BRDA:174,19,0,0
BRDA:175,20,0,0
BRDA:176,21,0,0
BRDA:180,22,0,0
BRDA:185,23,0,0
BRF:31
BRH:0
end_of_record
TN:
SF:nodes/WaterCrawl/base.ts
FN:5,(anonymous_1)
FN:6,(anonymous_2)
FN:13,(anonymous_3)
FN:27,(anonymous_4)
FN:29,(anonymous_5)
FN:45,(anonymous_6)
FN:50,(anonymous_7)
FN:55,(anonymous_8)
FN:60,(anonymous_9)
FN:65,(anonymous_10)
FN:70,(anonymous_11)
FN:74,(anonymous_12)
FN:87,(anonymous_13)
FN:88,(anonymous_14)
FN:105,(anonymous_15)
FN:119,(anonymous_16)
FNF:16
FNH:0
FNDA:0,(anonymous_1)
FNDA:0,(anonymous_2)
FNDA:0,(anonymous_3)
FNDA:0,(anonymous_4)
FNDA:0,(anonymous_5)
FNDA:0,(anonymous_6)
FNDA:0,(anonymous_7)
FNDA:0,(anonymous_8)
FNDA:0,(anonymous_9)
FNDA:0,(anonymous_10)
FNDA:0,(anonymous_11)
FNDA:0,(anonymous_12)
FNDA:0,(anonymous_13)
FNDA:0,(anonymous_14)
FNDA:0,(anonymous_15)
FNDA:0,(anonymous_16)
DA:2,1
DA:5,1
DA:6,0
DA:9,1
DA:14,0
DA:15,0
DA:25,0
DA:27,0
DA:30,0
DA:33,0
DA:40,0
DA:46,0
DA:47,0
DA:51,0
DA:52,0
DA:56,0
DA:57,0
DA:61,0
DA:62,0
DA:66,0
DA:67,0
DA:71,0
DA:79,0
DA:83,0
DA:85,0
DA:87,0
DA:88,0
DA:89,0
DA:90,0
DA:91,0
DA:92,0
DA:93,0
DA:94,0
DA:95,0
DA:96,0
DA:99,0
DA:105,0
DA:107,0
DA:108,0
DA:109,0
DA:110,0
DA:113,0
DA:116,0
DA:119,0
DA:120,0
LF:45
LH:3
BRDA:13,0,0,0
BRDA:30,1,0,0
BRDA:45,2,0,0
BRDA:50,3,0,0
BRDA:55,4,0,0
BRDA:65,5,0,0
BRDA:77,6,0,0
BRDA:91,7,0,0
BRDA:91,7,1,0
BRDA:93,8,0,0
BRDA:107,9,0,0
BRDA:107,10,0,0
BRDA:107,10,1,0
BRF:13
BRH:0
end_of_record
